Tue Jun 18 17:10:49 CEST 2013  [debug] AvalonLogChute initialized using file 'velocity.log'
Tue Jun 18 17:10:49 CEST 2013  [trace] *******************************************************************
Tue Jun 18 17:10:49 CEST 2013  [debug] Starting Jakarta Velocity v1.5-SNAPSHOT (compiled: 2006-07-21 06:25:35)
Tue Jun 18 17:10:49 CEST 2013  [trace] RuntimeInstance initializing.
Tue Jun 18 17:10:49 CEST 2013  [debug] Default Properties File: org\apache\velocity\runtime\defaults\velocity.properties
Tue Jun 18 17:10:49 CEST 2013  [debug] Trying to use logger class org.apache.velocity.runtime.log.AvalonLogChute
Tue Jun 18 17:10:49 CEST 2013  [debug] Using logger class org.apache.velocity.runtime.log.AvalonLogChute
Tue Jun 18 17:10:49 CEST 2013  [debug] Default ResourceManager initializing. (class org.apache.velocity.runtime.resource.ResourceManagerImpl)
Tue Jun 18 17:10:49 CEST 2013  [debug] ResourceLoader instantiated: org.apache.velocity.runtime.resource.loader.FileResourceLoader
Tue Jun 18 17:10:49 CEST 2013  [trace] FileResourceLoader : initialization starting.
Tue Jun 18 17:10:49 CEST 2013   [info] FileResourceLoader : adding path '.'
Tue Jun 18 17:10:49 CEST 2013  [trace] FileResourceLoader : initialization complete.
Tue Jun 18 17:10:49 CEST 2013  [debug] ResourceCache: initialized (class org.apache.velocity.runtime.resource.ResourceCacheImpl)
Tue Jun 18 17:10:49 CEST 2013  [trace] Default ResourceManager initialization complete.
Tue Jun 18 17:10:49 CEST 2013  [debug] Loaded System Directive: org.apache.velocity.runtime.directive.Literal
Tue Jun 18 17:10:49 CEST 2013  [debug] Loaded System Directive: org.apache.velocity.runtime.directive.Macro
Tue Jun 18 17:10:49 CEST 2013  [debug] Loaded System Directive: org.apache.velocity.runtime.directive.Parse
Tue Jun 18 17:10:49 CEST 2013  [debug] Loaded System Directive: org.apache.velocity.runtime.directive.Include
Tue Jun 18 17:10:49 CEST 2013  [debug] Loaded System Directive: org.apache.velocity.runtime.directive.Foreach
Tue Jun 18 17:10:49 CEST 2013  [debug] Created '20' parsers.
Tue Jun 18 17:10:49 CEST 2013  [trace] Velocimacro : initialization starting.
Tue Jun 18 17:10:49 CEST 2013  [debug] Velocimacro : "velocimacro.library" is not set.  Trying default library: VM_global_library.vm
Tue Jun 18 17:10:49 CEST 2013  [debug] Velocimacro : Default library not found.
Tue Jun 18 17:10:49 CEST 2013  [debug] Velocimacro : allowInline = true : VMs can be defined inline in templates
Tue Jun 18 17:10:49 CEST 2013  [debug] Velocimacro : allowInlineToOverride = false : VMs defined inline may NOT replace previous VM definitions
Tue Jun 18 17:10:49 CEST 2013  [debug] Velocimacro : allowInlineLocal = false : VMs defined inline will be global in scope if allowed.
Tue Jun 18 17:10:49 CEST 2013  [debug] Velocimacro : autoload off : VM system will not automatically reload global library macros
Tue Jun 18 17:10:49 CEST 2013  [trace] Velocimacro : initialization complete.
Tue Jun 18 17:10:49 CEST 2013  [trace] RuntimeInstance successfully initialized.
Tue Jun 18 17:10:49 CEST 2013  [debug] ResourceManager : found config/templates/bean_template.vlt with loader org.apache.velocity.runtime.resource.loader.FileResourceLoader
Tue Jun 18 17:10:49 CEST 2013   [info] RHS of #set statement is null. Context will not be modified. config/templates/bean_template.vlt [line 10, column 1]
Tue Jun 18 17:10:49 CEST 2013   [info] RHS of #set statement is null. Context will not be modified. config/templates/bean_template.vlt [line 10, column 1]
Tue Jun 18 17:10:49 CEST 2013   [info] RHS of #set statement is null. Context will not be modified. config/templates/bean_template.vlt [line 10, column 1]
Tue Jun 18 17:10:49 CEST 2013   [info] RHS of #set statement is null. Context will not be modified. config/templates/bean_template.vlt [line 10, column 1]
Tue Jun 18 17:10:49 CEST 2013   [info] RHS of #set statement is null. Context will not be modified. config/templates/bean_template.vlt [line 10, column 1]
Tue Jun 18 17:10:49 CEST 2013   [info] RHS of #set statement is null. Context will not be modified. config/templates/bean_template.vlt [line 10, column 1]
Tue Jun 18 17:10:49 CEST 2013   [info] RHS of #set statement is null. Context will not be modified. config/templates/bean_template.vlt [line 10, column 1]
Tue Jun 18 17:10:49 CEST 2013   [info] RHS of #set statement is null. Context will not be modified. config/templates/bean_template.vlt [line 10, column 1]
Tue Jun 18 17:10:49 CEST 2013   [info] RHS of #set statement is null. Context will not be modified. config/templates/bean_template.vlt [line 33, column 1]
Tue Jun 18 17:10:49 CEST 2013   [info] RHS of #set statement is null. Context will not be modified. config/templates/bean_template.vlt [line 33, column 1]
Tue Jun 18 17:10:49 CEST 2013   [info] RHS of #set statement is null. Context will not be modified. config/templates/bean_template.vlt [line 33, column 1]
Tue Jun 18 17:10:49 CEST 2013   [info] RHS of #set statement is null. Context will not be modified. config/templates/bean_template.vlt [line 33, column 1]
Tue Jun 18 17:10:49 CEST 2013   [info] RHS of #set statement is null. Context will not be modified. config/templates/bean_template.vlt [line 33, column 1]
Tue Jun 18 17:10:49 CEST 2013   [info] RHS of #set statement is null. Context will not be modified. config/templates/bean_template.vlt [line 33, column 1]
Tue Jun 18 17:10:49 CEST 2013   [info] RHS of #set statement is null. Context will not be modified. config/templates/bean_template.vlt [line 33, column 1]
Tue Jun 18 17:10:49 CEST 2013   [info] RHS of #set statement is null. Context will not be modified. config/templates/bean_template.vlt [line 33, column 1]
Tue Jun 18 17:10:49 CEST 2013   [info] RHS of #set statement is null. Context will not be modified. config/templates/bean_template.vlt [line 33, column 1]
Tue Jun 18 17:10:49 CEST 2013   [info] RHS of #set statement is null. Context will not be modified. config/templates/bean_template.vlt [line 56, column 1]
Tue Jun 18 17:10:49 CEST 2013   [info] RHS of #set statement is null. Context will not be modified. config/templates/bean_template.vlt [line 56, column 1]
Tue Jun 18 17:10:49 CEST 2013   [info] RHS of #set statement is null. Context will not be modified. config/templates/bean_template.vlt [line 56, column 1]
Tue Jun 18 17:10:49 CEST 2013   [info] RHS of #set statement is null. Context will not be modified. config/templates/bean_template.vlt [line 56, column 1]
Tue Jun 18 17:10:49 CEST 2013   [info] RHS of #set statement is null. Context will not be modified. config/templates/bean_template.vlt [line 56, column 1]
Tue Jun 18 17:10:49 CEST 2013   [info] RHS of #set statement is null. Context will not be modified. config/templates/bean_template.vlt [line 56, column 1]
Tue Jun 18 17:10:49 CEST 2013   [info] RHS of #set statement is null. Context will not be modified. config/templates/bean_template.vlt [line 56, column 1]
Tue Jun 18 17:10:49 CEST 2013   [info] RHS of #set statement is null. Context will not be modified. config/templates/bean_template.vlt [line 56, column 1]
Tue Jun 18 17:10:49 CEST 2013   [info] RHS of #set statement is null. Context will not be modified. config/templates/bean_template.vlt [line 56, column 1]
Tue Jun 18 17:10:49 CEST 2013  [debug] ResourceManager : found config/templates/bean_template.vlt with loader org.apache.velocity.runtime.resource.loader.FileResourceLoader
Tue Jun 18 17:10:49 CEST 2013   [info] RHS of #set statement is null. Context will not be modified. config/templates/bean_template.vlt [line 10, column 1]
Tue Jun 18 17:10:49 CEST 2013   [info] RHS of #set statement is null. Context will not be modified. config/templates/bean_template.vlt [line 10, column 1]
Tue Jun 18 17:10:49 CEST 2013   [info] RHS of #set statement is null. Context will not be modified. config/templates/bean_template.vlt [line 10, column 1]
Tue Jun 18 17:10:49 CEST 2013   [info] RHS of #set statement is null. Context will not be modified. config/templates/bean_template.vlt [line 10, column 1]
Tue Jun 18 17:10:49 CEST 2013   [info] RHS of #set statement is null. Context will not be modified. config/templates/bean_template.vlt [line 10, column 1]
Tue Jun 18 17:10:49 CEST 2013   [info] RHS of #set statement is null. Context will not be modified. config/templates/bean_template.vlt [line 10, column 1]
Tue Jun 18 17:10:49 CEST 2013   [info] RHS of #set statement is null. Context will not be modified. config/templates/bean_template.vlt [line 10, column 1]
Tue Jun 18 17:10:49 CEST 2013   [info] RHS of #set statement is null. Context will not be modified. config/templates/bean_template.vlt [line 10, column 1]
Tue Jun 18 17:10:49 CEST 2013   [info] RHS of #set statement is null. Context will not be modified. config/templates/bean_template.vlt [line 33, column 1]
Tue Jun 18 17:10:49 CEST 2013   [info] RHS of #set statement is null. Context will not be modified. config/templates/bean_template.vlt [line 33, column 1]
Tue Jun 18 17:10:49 CEST 2013   [info] RHS of #set statement is null. Context will not be modified. config/templates/bean_template.vlt [line 33, column 1]
Tue Jun 18 17:10:49 CEST 2013   [info] RHS of #set statement is null. Context will not be modified. config/templates/bean_template.vlt [line 33, column 1]
Tue Jun 18 17:10:49 CEST 2013   [info] RHS of #set statement is null. Context will not be modified. config/templates/bean_template.vlt [line 33, column 1]
Tue Jun 18 17:10:49 CEST 2013   [info] RHS of #set statement is null. Context will not be modified. config/templates/bean_template.vlt [line 33, column 1]
Tue Jun 18 17:10:49 CEST 2013   [info] RHS of #set statement is null. Context will not be modified. config/templates/bean_template.vlt [line 33, column 1]
Tue Jun 18 17:10:49 CEST 2013   [info] RHS of #set statement is null. Context will not be modified. config/templates/bean_template.vlt [line 33, column 1]
Tue Jun 18 17:10:49 CEST 2013   [info] RHS of #set statement is null. Context will not be modified. config/templates/bean_template.vlt [line 33, column 1]
Tue Jun 18 17:10:49 CEST 2013   [info] RHS of #set statement is null. Context will not be modified. config/templates/bean_template.vlt [line 56, column 1]
Tue Jun 18 17:10:49 CEST 2013   [info] RHS of #set statement is null. Context will not be modified. config/templates/bean_template.vlt [line 56, column 1]
Tue Jun 18 17:10:49 CEST 2013   [info] RHS of #set statement is null. Context will not be modified. config/templates/bean_template.vlt [line 56, column 1]
Tue Jun 18 17:10:49 CEST 2013   [info] RHS of #set statement is null. Context will not be modified. config/templates/bean_template.vlt [line 56, column 1]
Tue Jun 18 17:10:49 CEST 2013   [info] RHS of #set statement is null. Context will not be modified. config/templates/bean_template.vlt [line 56, column 1]
Tue Jun 18 17:10:49 CEST 2013   [info] RHS of #set statement is null. Context will not be modified. config/templates/bean_template.vlt [line 56, column 1]
Tue Jun 18 17:10:49 CEST 2013   [info] RHS of #set statement is null. Context will not be modified. config/templates/bean_template.vlt [line 56, column 1]
Tue Jun 18 17:10:49 CEST 2013   [info] RHS of #set statement is null. Context will not be modified. config/templates/bean_template.vlt [line 56, column 1]
Tue Jun 18 17:10:49 CEST 2013   [info] RHS of #set statement is null. Context will not be modified. config/templates/bean_template.vlt [line 56, column 1]
Tue Jun 18 17:10:49 CEST 2013  [debug] ResourceManager : found config/templates/attributEnum.vlt with loader org.apache.velocity.runtime.resource.loader.FileResourceLoader
Tue Jun 18 17:10:49 CEST 2013  [debug] ResourceManager : found config/templates/attributEnum.vlt with loader org.apache.velocity.runtime.resource.loader.FileResourceLoader
Tue Jun 18 17:10:49 CEST 2013  [debug] ResourceManager : found config/templates/bean_template.vlt with loader org.apache.velocity.runtime.resource.loader.FileResourceLoader
Tue Jun 18 17:10:49 CEST 2013   [info] RHS of #set statement is null. Context will not be modified. config/templates/bean_template.vlt [line 10, column 1]
Tue Jun 18 17:10:49 CEST 2013   [info] RHS of #set statement is null. Context will not be modified. config/templates/bean_template.vlt [line 10, column 1]
Tue Jun 18 17:10:49 CEST 2013   [info] RHS of #set statement is null. Context will not be modified. config/templates/bean_template.vlt [line 10, column 1]
Tue Jun 18 17:10:49 CEST 2013   [info] RHS of #set statement is null. Context will not be modified. config/templates/bean_template.vlt [line 10, column 1]
Tue Jun 18 17:10:49 CEST 2013   [info] RHS of #set statement is null. Context will not be modified. config/templates/bean_template.vlt [line 10, column 1]
Tue Jun 18 17:10:49 CEST 2013   [info] RHS of #set statement is null. Context will not be modified. config/templates/bean_template.vlt [line 10, column 1]
Tue Jun 18 17:10:49 CEST 2013   [info] RHS of #set statement is null. Context will not be modified. config/templates/bean_template.vlt [line 10, column 1]
Tue Jun 18 17:10:49 CEST 2013   [info] RHS of #set statement is null. Context will not be modified. config/templates/bean_template.vlt [line 10, column 1]
Tue Jun 18 17:10:49 CEST 2013   [info] RHS of #set statement is null. Context will not be modified. config/templates/bean_template.vlt [line 10, column 1]
Tue Jun 18 17:10:49 CEST 2013   [info] RHS of #set statement is null. Context will not be modified. config/templates/bean_template.vlt [line 10, column 1]
Tue Jun 18 17:10:49 CEST 2013   [info] RHS of #set statement is null. Context will not be modified. config/templates/bean_template.vlt [line 10, column 1]
Tue Jun 18 17:10:49 CEST 2013   [info] RHS of #set statement is null. Context will not be modified. config/templates/bean_template.vlt [line 10, column 1]
Tue Jun 18 17:10:49 CEST 2013   [info] RHS of #set statement is null. Context will not be modified. config/templates/bean_template.vlt [line 10, column 1]
Tue Jun 18 17:10:49 CEST 2013   [info] RHS of #set statement is null. Context will not be modified. config/templates/bean_template.vlt [line 10, column 1]
Tue Jun 18 17:10:49 CEST 2013   [info] RHS of #set statement is null. Context will not be modified. config/templates/bean_template.vlt [line 10, column 1]
Tue Jun 18 17:10:49 CEST 2013   [info] RHS of #set statement is null. Context will not be modified. config/templates/bean_template.vlt [line 10, column 1]
Tue Jun 18 17:10:49 CEST 2013   [info] RHS of #set statement is null. Context will not be modified. config/templates/bean_template.vlt [line 10, column 1]
Tue Jun 18 17:10:49 CEST 2013   [info] RHS of #set statement is null. Context will not be modified. config/templates/bean_template.vlt [line 10, column 1]
Tue Jun 18 17:10:49 CEST 2013   [info] RHS of #set statement is null. Context will not be modified. config/templates/bean_template.vlt [line 33, column 1]
Tue Jun 18 17:10:49 CEST 2013   [info] RHS of #set statement is null. Context will not be modified. config/templates/bean_template.vlt [line 33, column 1]
Tue Jun 18 17:10:49 CEST 2013   [info] RHS of #set statement is null. Context will not be modified. config/templates/bean_template.vlt [line 33, column 1]
Tue Jun 18 17:10:49 CEST 2013   [info] RHS of #set statement is null. Context will not be modified. config/templates/bean_template.vlt [line 33, column 1]
Tue Jun 18 17:10:49 CEST 2013   [info] RHS of #set statement is null. Context will not be modified. config/templates/bean_template.vlt [line 33, column 1]
Tue Jun 18 17:10:49 CEST 2013   [info] RHS of #set statement is null. Context will not be modified. config/templates/bean_template.vlt [line 33, column 1]
Tue Jun 18 17:10:49 CEST 2013   [info] RHS of #set statement is null. Context will not be modified. config/templates/bean_template.vlt [line 33, column 1]
Tue Jun 18 17:10:49 CEST 2013   [info] RHS of #set statement is null. Context will not be modified. config/templates/bean_template.vlt [line 33, column 1]
Tue Jun 18 17:10:49 CEST 2013   [info] RHS of #set statement is null. Context will not be modified. config/templates/bean_template.vlt [line 33, column 1]
Tue Jun 18 17:10:49 CEST 2013   [info] RHS of #set statement is null. Context will not be modified. config/templates/bean_template.vlt [line 33, column 1]
Tue Jun 18 17:10:49 CEST 2013   [info] RHS of #set statement is null. Context will not be modified. config/templates/bean_template.vlt [line 33, column 1]
Tue Jun 18 17:10:49 CEST 2013   [info] RHS of #set statement is null. Context will not be modified. config/templates/bean_template.vlt [line 33, column 1]
Tue Jun 18 17:10:49 CEST 2013   [info] RHS of #set statement is null. Context will not be modified. config/templates/bean_template.vlt [line 33, column 1]
Tue Jun 18 17:10:49 CEST 2013   [info] RHS of #set statement is null. Context will not be modified. config/templates/bean_template.vlt [line 33, column 1]
Tue Jun 18 17:10:49 CEST 2013   [info] RHS of #set statement is null. Context will not be modified. config/templates/bean_template.vlt [line 33, column 1]
Tue Jun 18 17:10:49 CEST 2013   [info] RHS of #set statement is null. Context will not be modified. config/templates/bean_template.vlt [line 33, column 1]
Tue Jun 18 17:10:49 CEST 2013   [info] RHS of #set statement is null. Context will not be modified. config/templates/bean_template.vlt [line 33, column 1]
Tue Jun 18 17:10:49 CEST 2013   [info] RHS of #set statement is null. Context will not be modified. config/templates/bean_template.vlt [line 33, column 1]
Tue Jun 18 17:10:49 CEST 2013   [info] RHS of #set statement is null. Context will not be modified. config/templates/bean_template.vlt [line 33, column 1]
Tue Jun 18 17:10:49 CEST 2013   [info] RHS of #set statement is null. Context will not be modified. config/templates/bean_template.vlt [line 56, column 1]
Tue Jun 18 17:10:49 CEST 2013   [info] RHS of #set statement is null. Context will not be modified. config/templates/bean_template.vlt [line 56, column 1]
Tue Jun 18 17:10:49 CEST 2013   [info] RHS of #set statement is null. Context will not be modified. config/templates/bean_template.vlt [line 56, column 1]
Tue Jun 18 17:10:49 CEST 2013   [info] RHS of #set statement is null. Context will not be modified. config/templates/bean_template.vlt [line 56, column 1]
Tue Jun 18 17:10:49 CEST 2013   [info] RHS of #set statement is null. Context will not be modified. config/templates/bean_template.vlt [line 56, column 1]
Tue Jun 18 17:10:49 CEST 2013   [info] RHS of #set statement is null. Context will not be modified. config/templates/bean_template.vlt [line 56, column 1]
Tue Jun 18 17:10:49 CEST 2013   [info] RHS of #set statement is null. Context will not be modified. config/templates/bean_template.vlt [line 56, column 1]
Tue Jun 18 17:10:49 CEST 2013   [info] RHS of #set statement is null. Context will not be modified. config/templates/bean_template.vlt [line 56, column 1]
Tue Jun 18 17:10:49 CEST 2013   [info] RHS of #set statement is null. Context will not be modified. config/templates/bean_template.vlt [line 56, column 1]
Tue Jun 18 17:10:49 CEST 2013   [info] RHS of #set statement is null. Context will not be modified. config/templates/bean_template.vlt [line 56, column 1]
Tue Jun 18 17:10:49 CEST 2013   [info] RHS of #set statement is null. Context will not be modified. config/templates/bean_template.vlt [line 56, column 1]
Tue Jun 18 17:10:49 CEST 2013   [info] RHS of #set statement is null. Context will not be modified. config/templates/bean_template.vlt [line 56, column 1]
Tue Jun 18 17:10:49 CEST 2013   [info] RHS of #set statement is null. Context will not be modified. config/templates/bean_template.vlt [line 56, column 1]
Tue Jun 18 17:10:49 CEST 2013   [info] RHS of #set statement is null. Context will not be modified. config/templates/bean_template.vlt [line 56, column 1]
Tue Jun 18 17:10:49 CEST 2013   [info] RHS of #set statement is null. Context will not be modified. config/templates/bean_template.vlt [line 56, column 1]
Tue Jun 18 17:10:49 CEST 2013   [info] RHS of #set statement is null. Context will not be modified. config/templates/bean_template.vlt [line 56, column 1]
Tue Jun 18 17:10:49 CEST 2013   [info] RHS of #set statement is null. Context will not be modified. config/templates/bean_template.vlt [line 56, column 1]
Tue Jun 18 17:10:49 CEST 2013   [info] RHS of #set statement is null. Context will not be modified. config/templates/bean_template.vlt [line 56, column 1]
Tue Jun 18 17:10:49 CEST 2013   [info] RHS of #set statement is null. Context will not be modified. config/templates/bean_template.vlt [line 56, column 1]
Tue Jun 18 17:10:49 CEST 2013  [debug] ResourceManager : found config/templates/bean_template.vlt with loader org.apache.velocity.runtime.resource.loader.FileResourceLoader
Tue Jun 18 17:10:49 CEST 2013   [info] RHS of #set statement is null. Context will not be modified. config/templates/bean_template.vlt [line 10, column 1]
Tue Jun 18 17:10:49 CEST 2013   [info] RHS of #set statement is null. Context will not be modified. config/templates/bean_template.vlt [line 10, column 1]
Tue Jun 18 17:10:49 CEST 2013   [info] RHS of #set statement is null. Context will not be modified. config/templates/bean_template.vlt [line 10, column 1]
Tue Jun 18 17:10:49 CEST 2013   [info] RHS of #set statement is null. Context will not be modified. config/templates/bean_template.vlt [line 10, column 1]
Tue Jun 18 17:10:49 CEST 2013   [info] RHS of #set statement is null. Context will not be modified. config/templates/bean_template.vlt [line 10, column 1]
Tue Jun 18 17:10:49 CEST 2013   [info] RHS of #set statement is null. Context will not be modified. config/templates/bean_template.vlt [line 10, column 1]
Tue Jun 18 17:10:49 CEST 2013   [info] RHS of #set statement is null. Context will not be modified. config/templates/bean_template.vlt [line 10, column 1]
Tue Jun 18 17:10:49 CEST 2013   [info] RHS of #set statement is null. Context will not be modified. config/templates/bean_template.vlt [line 10, column 1]
Tue Jun 18 17:10:49 CEST 2013   [info] RHS of #set statement is null. Context will not be modified. config/templates/bean_template.vlt [line 10, column 1]
Tue Jun 18 17:10:49 CEST 2013   [info] RHS of #set statement is null. Context will not be modified. config/templates/bean_template.vlt [line 10, column 1]
Tue Jun 18 17:10:49 CEST 2013   [info] RHS of #set statement is null. Context will not be modified. config/templates/bean_template.vlt [line 10, column 1]
Tue Jun 18 17:10:49 CEST 2013   [info] RHS of #set statement is null. Context will not be modified. config/templates/bean_template.vlt [line 10, column 1]
Tue Jun 18 17:10:49 CEST 2013   [info] RHS of #set statement is null. Context will not be modified. config/templates/bean_template.vlt [line 10, column 1]
Tue Jun 18 17:10:49 CEST 2013   [info] RHS of #set statement is null. Context will not be modified. config/templates/bean_template.vlt [line 10, column 1]
Tue Jun 18 17:10:49 CEST 2013   [info] RHS of #set statement is null. Context will not be modified. config/templates/bean_template.vlt [line 10, column 1]
Tue Jun 18 17:10:49 CEST 2013   [info] RHS of #set statement is null. Context will not be modified. config/templates/bean_template.vlt [line 10, column 1]
Tue Jun 18 17:10:49 CEST 2013   [info] RHS of #set statement is null. Context will not be modified. config/templates/bean_template.vlt [line 10, column 1]
Tue Jun 18 17:10:49 CEST 2013   [info] RHS of #set statement is null. Context will not be modified. config/templates/bean_template.vlt [line 10, column 1]
Tue Jun 18 17:10:49 CEST 2013   [info] RHS of #set statement is null. Context will not be modified. config/templates/bean_template.vlt [line 33, column 1]
Tue Jun 18 17:10:49 CEST 2013   [info] RHS of #set statement is null. Context will not be modified. config/templates/bean_template.vlt [line 33, column 1]
Tue Jun 18 17:10:49 CEST 2013   [info] RHS of #set statement is null. Context will not be modified. config/templates/bean_template.vlt [line 33, column 1]
Tue Jun 18 17:10:49 CEST 2013   [info] RHS of #set statement is null. Context will not be modified. config/templates/bean_template.vlt [line 33, column 1]
Tue Jun 18 17:10:49 CEST 2013   [info] RHS of #set statement is null. Context will not be modified. config/templates/bean_template.vlt [line 33, column 1]
Tue Jun 18 17:10:49 CEST 2013   [info] RHS of #set statement is null. Context will not be modified. config/templates/bean_template.vlt [line 33, column 1]
Tue Jun 18 17:10:49 CEST 2013   [info] RHS of #set statement is null. Context will not be modified. config/templates/bean_template.vlt [line 33, column 1]
Tue Jun 18 17:10:49 CEST 2013   [info] RHS of #set statement is null. Context will not be modified. config/templates/bean_template.vlt [line 33, column 1]
Tue Jun 18 17:10:49 CEST 2013   [info] RHS of #set statement is null. Context will not be modified. config/templates/bean_template.vlt [line 33, column 1]
Tue Jun 18 17:10:49 CEST 2013   [info] RHS of #set statement is null. Context will not be modified. config/templates/bean_template.vlt [line 33, column 1]
Tue Jun 18 17:10:49 CEST 2013   [info] RHS of #set statement is null. Context will not be modified. config/templates/bean_template.vlt [line 33, column 1]
Tue Jun 18 17:10:49 CEST 2013   [info] RHS of #set statement is null. Context will not be modified. config/templates/bean_template.vlt [line 33, column 1]
Tue Jun 18 17:10:49 CEST 2013   [info] RHS of #set statement is null. Context will not be modified. config/templates/bean_template.vlt [line 33, column 1]
Tue Jun 18 17:10:49 CEST 2013   [info] RHS of #set statement is null. Context will not be modified. config/templates/bean_template.vlt [line 33, column 1]
Tue Jun 18 17:10:49 CEST 2013   [info] RHS of #set statement is null. Context will not be modified. config/templates/bean_template.vlt [line 33, column 1]
Tue Jun 18 17:10:49 CEST 2013   [info] RHS of #set statement is null. Context will not be modified. config/templates/bean_template.vlt [line 33, column 1]
Tue Jun 18 17:10:49 CEST 2013   [info] RHS of #set statement is null. Context will not be modified. config/templates/bean_template.vlt [line 33, column 1]
Tue Jun 18 17:10:49 CEST 2013   [info] RHS of #set statement is null. Context will not be modified. config/templates/bean_template.vlt [line 33, column 1]
Tue Jun 18 17:10:49 CEST 2013   [info] RHS of #set statement is null. Context will not be modified. config/templates/bean_template.vlt [line 33, column 1]
Tue Jun 18 17:10:49 CEST 2013   [info] RHS of #set statement is null. Context will not be modified. config/templates/bean_template.vlt [line 56, column 1]
Tue Jun 18 17:10:49 CEST 2013   [info] RHS of #set statement is null. Context will not be modified. config/templates/bean_template.vlt [line 56, column 1]
Tue Jun 18 17:10:49 CEST 2013   [info] RHS of #set statement is null. Context will not be modified. config/templates/bean_template.vlt [line 56, column 1]
Tue Jun 18 17:10:49 CEST 2013   [info] RHS of #set statement is null. Context will not be modified. config/templates/bean_template.vlt [line 56, column 1]
Tue Jun 18 17:10:49 CEST 2013   [info] RHS of #set statement is null. Context will not be modified. config/templates/bean_template.vlt [line 56, column 1]
Tue Jun 18 17:10:49 CEST 2013   [info] RHS of #set statement is null. Context will not be modified. config/templates/bean_template.vlt [line 56, column 1]
Tue Jun 18 17:10:49 CEST 2013   [info] RHS of #set statement is null. Context will not be modified. config/templates/bean_template.vlt [line 56, column 1]
Tue Jun 18 17:10:49 CEST 2013   [info] RHS of #set statement is null. Context will not be modified. config/templates/bean_template.vlt [line 56, column 1]
Tue Jun 18 17:10:49 CEST 2013   [info] RHS of #set statement is null. Context will not be modified. config/templates/bean_template.vlt [line 56, column 1]
Tue Jun 18 17:10:49 CEST 2013   [info] RHS of #set statement is null. Context will not be modified. config/templates/bean_template.vlt [line 56, column 1]
Tue Jun 18 17:10:49 CEST 2013   [info] RHS of #set statement is null. Context will not be modified. config/templates/bean_template.vlt [line 56, column 1]
Tue Jun 18 17:10:49 CEST 2013   [info] RHS of #set statement is null. Context will not be modified. config/templates/bean_template.vlt [line 56, column 1]
Tue Jun 18 17:10:49 CEST 2013   [info] RHS of #set statement is null. Context will not be modified. config/templates/bean_template.vlt [line 56, column 1]
Tue Jun 18 17:10:49 CEST 2013   [info] RHS of #set statement is null. Context will not be modified. config/templates/bean_template.vlt [line 56, column 1]
Tue Jun 18 17:10:49 CEST 2013   [info] RHS of #set statement is null. Context will not be modified. config/templates/bean_template.vlt [line 56, column 1]
Tue Jun 18 17:10:49 CEST 2013   [info] RHS of #set statement is null. Context will not be modified. config/templates/bean_template.vlt [line 56, column 1]
Tue Jun 18 17:10:49 CEST 2013   [info] RHS of #set statement is null. Context will not be modified. config/templates/bean_template.vlt [line 56, column 1]
Tue Jun 18 17:10:49 CEST 2013   [info] RHS of #set statement is null. Context will not be modified. config/templates/bean_template.vlt [line 56, column 1]
Tue Jun 18 17:10:49 CEST 2013   [info] RHS of #set statement is null. Context will not be modified. config/templates/bean_template.vlt [line 56, column 1]
Tue Jun 18 17:10:49 CEST 2013  [debug] ResourceManager : found config/templates/attributEnum.vlt with loader org.apache.velocity.runtime.resource.loader.FileResourceLoader
Tue Jun 18 17:10:49 CEST 2013  [debug] ResourceManager : found config/templates/attributEnum.vlt with loader org.apache.velocity.runtime.resource.loader.FileResourceLoader
Tue Jun 18 17:10:49 CEST 2013  [debug] ResourceManager : found config/templates/bean_template.vlt with loader org.apache.velocity.runtime.resource.loader.FileResourceLoader
Tue Jun 18 17:10:49 CEST 2013   [info] RHS of #set statement is null. Context will not be modified. config/templates/bean_template.vlt [line 10, column 1]
Tue Jun 18 17:10:49 CEST 2013   [info] RHS of #set statement is null. Context will not be modified. config/templates/bean_template.vlt [line 10, column 1]
Tue Jun 18 17:10:49 CEST 2013   [info] RHS of #set statement is null. Context will not be modified. config/templates/bean_template.vlt [line 10, column 1]
Tue Jun 18 17:10:49 CEST 2013   [info] RHS of #set statement is null. Context will not be modified. config/templates/bean_template.vlt [line 10, column 1]
Tue Jun 18 17:10:49 CEST 2013   [info] RHS of #set statement is null. Context will not be modified. config/templates/bean_template.vlt [line 10, column 1]
Tue Jun 18 17:10:49 CEST 2013   [info] RHS of #set statement is null. Context will not be modified. config/templates/bean_template.vlt [line 10, column 1]
Tue Jun 18 17:10:49 CEST 2013   [info] RHS of #set statement is null. Context will not be modified. config/templates/bean_template.vlt [line 10, column 1]
Tue Jun 18 17:10:49 CEST 2013   [info] RHS of #set statement is null. Context will not be modified. config/templates/bean_template.vlt [line 33, column 1]
Tue Jun 18 17:10:49 CEST 2013   [info] RHS of #set statement is null. Context will not be modified. config/templates/bean_template.vlt [line 33, column 1]
Tue Jun 18 17:10:49 CEST 2013   [info] RHS of #set statement is null. Context will not be modified. config/templates/bean_template.vlt [line 33, column 1]
Tue Jun 18 17:10:49 CEST 2013   [info] RHS of #set statement is null. Context will not be modified. config/templates/bean_template.vlt [line 33, column 1]
Tue Jun 18 17:10:49 CEST 2013   [info] RHS of #set statement is null. Context will not be modified. config/templates/bean_template.vlt [line 33, column 1]
Tue Jun 18 17:10:49 CEST 2013   [info] RHS of #set statement is null. Context will not be modified. config/templates/bean_template.vlt [line 33, column 1]
Tue Jun 18 17:10:49 CEST 2013   [info] RHS of #set statement is null. Context will not be modified. config/templates/bean_template.vlt [line 33, column 1]
Tue Jun 18 17:10:49 CEST 2013   [info] RHS of #set statement is null. Context will not be modified. config/templates/bean_template.vlt [line 33, column 1]
Tue Jun 18 17:10:49 CEST 2013   [info] RHS of #set statement is null. Context will not be modified. config/templates/bean_template.vlt [line 56, column 1]
Tue Jun 18 17:10:49 CEST 2013   [info] RHS of #set statement is null. Context will not be modified. config/templates/bean_template.vlt [line 56, column 1]
Tue Jun 18 17:10:49 CEST 2013   [info] RHS of #set statement is null. Context will not be modified. config/templates/bean_template.vlt [line 56, column 1]
Tue Jun 18 17:10:49 CEST 2013   [info] RHS of #set statement is null. Context will not be modified. config/templates/bean_template.vlt [line 56, column 1]
Tue Jun 18 17:10:49 CEST 2013   [info] RHS of #set statement is null. Context will not be modified. config/templates/bean_template.vlt [line 56, column 1]
Tue Jun 18 17:10:49 CEST 2013   [info] RHS of #set statement is null. Context will not be modified. config/templates/bean_template.vlt [line 56, column 1]
Tue Jun 18 17:10:49 CEST 2013   [info] RHS of #set statement is null. Context will not be modified. config/templates/bean_template.vlt [line 56, column 1]
Tue Jun 18 17:10:49 CEST 2013   [info] RHS of #set statement is null. Context will not be modified. config/templates/bean_template.vlt [line 56, column 1]
Tue Jun 18 17:10:49 CEST 2013  [debug] ResourceManager : found config/templates/bean_template.vlt with loader org.apache.velocity.runtime.resource.loader.FileResourceLoader
Tue Jun 18 17:10:49 CEST 2013   [info] RHS of #set statement is null. Context will not be modified. config/templates/bean_template.vlt [line 10, column 1]
Tue Jun 18 17:10:49 CEST 2013   [info] RHS of #set statement is null. Context will not be modified. config/templates/bean_template.vlt [line 10, column 1]
Tue Jun 18 17:10:49 CEST 2013   [info] RHS of #set statement is null. Context will not be modified. config/templates/bean_template.vlt [line 10, column 1]
Tue Jun 18 17:10:49 CEST 2013   [info] RHS of #set statement is null. Context will not be modified. config/templates/bean_template.vlt [line 10, column 1]
Tue Jun 18 17:10:49 CEST 2013   [info] RHS of #set statement is null. Context will not be modified. config/templates/bean_template.vlt [line 10, column 1]
Tue Jun 18 17:10:49 CEST 2013   [info] RHS of #set statement is null. Context will not be modified. config/templates/bean_template.vlt [line 10, column 1]
Tue Jun 18 17:10:49 CEST 2013   [info] RHS of #set statement is null. Context will not be modified. config/templates/bean_template.vlt [line 10, column 1]
Tue Jun 18 17:10:49 CEST 2013   [info] RHS of #set statement is null. Context will not be modified. config/templates/bean_template.vlt [line 33, column 1]
Tue Jun 18 17:10:49 CEST 2013   [info] RHS of #set statement is null. Context will not be modified. config/templates/bean_template.vlt [line 33, column 1]
Tue Jun 18 17:10:49 CEST 2013   [info] RHS of #set statement is null. Context will not be modified. config/templates/bean_template.vlt [line 33, column 1]
Tue Jun 18 17:10:49 CEST 2013   [info] RHS of #set statement is null. Context will not be modified. config/templates/bean_template.vlt [line 33, column 1]
Tue Jun 18 17:10:49 CEST 2013   [info] RHS of #set statement is null. Context will not be modified. config/templates/bean_template.vlt [line 33, column 1]
Tue Jun 18 17:10:49 CEST 2013   [info] RHS of #set statement is null. Context will not be modified. config/templates/bean_template.vlt [line 33, column 1]
Tue Jun 18 17:10:49 CEST 2013   [info] RHS of #set statement is null. Context will not be modified. config/templates/bean_template.vlt [line 33, column 1]
Tue Jun 18 17:10:49 CEST 2013   [info] RHS of #set statement is null. Context will not be modified. config/templates/bean_template.vlt [line 33, column 1]
Tue Jun 18 17:10:49 CEST 2013   [info] RHS of #set statement is null. Context will not be modified. config/templates/bean_template.vlt [line 56, column 1]
Tue Jun 18 17:10:49 CEST 2013   [info] RHS of #set statement is null. Context will not be modified. config/templates/bean_template.vlt [line 56, column 1]
Tue Jun 18 17:10:49 CEST 2013   [info] RHS of #set statement is null. Context will not be modified. config/templates/bean_template.vlt [line 56, column 1]
Tue Jun 18 17:10:49 CEST 2013   [info] RHS of #set statement is null. Context will not be modified. config/templates/bean_template.vlt [line 56, column 1]
Tue Jun 18 17:10:49 CEST 2013   [info] RHS of #set statement is null. Context will not be modified. config/templates/bean_template.vlt [line 56, column 1]
Tue Jun 18 17:10:49 CEST 2013   [info] RHS of #set statement is null. Context will not be modified. config/templates/bean_template.vlt [line 56, column 1]
Tue Jun 18 17:10:49 CEST 2013   [info] RHS of #set statement is null. Context will not be modified. config/templates/bean_template.vlt [line 56, column 1]
Tue Jun 18 17:10:49 CEST 2013   [info] RHS of #set statement is null. Context will not be modified. config/templates/bean_template.vlt [line 56, column 1]
Tue Jun 18 17:10:49 CEST 2013  [debug] ResourceManager : found config/templates/attributEnum.vlt with loader org.apache.velocity.runtime.resource.loader.FileResourceLoader
Tue Jun 18 17:10:49 CEST 2013  [debug] ResourceManager : found config/templates/attributEnum.vlt with loader org.apache.velocity.runtime.resource.loader.FileResourceLoader
Tue Jun 18 17:10:49 CEST 2013  [debug] ResourceManager : found config/templates/bean_template.vlt with loader org.apache.velocity.runtime.resource.loader.FileResourceLoader
Tue Jun 18 17:10:49 CEST 2013   [info] RHS of #set statement is null. Context will not be modified. config/templates/bean_template.vlt [line 10, column 1]
Tue Jun 18 17:10:49 CEST 2013   [info] RHS of #set statement is null. Context will not be modified. config/templates/bean_template.vlt [line 10, column 1]
Tue Jun 18 17:10:49 CEST 2013   [info] RHS of #set statement is null. Context will not be modified. config/templates/bean_template.vlt [line 10, column 1]
Tue Jun 18 17:10:49 CEST 2013   [info] RHS of #set statement is null. Context will not be modified. config/templates/bean_template.vlt [line 10, column 1]
Tue Jun 18 17:10:49 CEST 2013   [info] RHS of #set statement is null. Context will not be modified. config/templates/bean_template.vlt [line 10, column 1]
Tue Jun 18 17:10:49 CEST 2013   [info] RHS of #set statement is null. Context will not be modified. config/templates/bean_template.vlt [line 10, column 1]
Tue Jun 18 17:10:49 CEST 2013   [info] RHS of #set statement is null. Context will not be modified. config/templates/bean_template.vlt [line 10, column 1]
Tue Jun 18 17:10:49 CEST 2013   [info] RHS of #set statement is null. Context will not be modified. config/templates/bean_template.vlt [line 10, column 1]
Tue Jun 18 17:10:49 CEST 2013   [info] RHS of #set statement is null. Context will not be modified. config/templates/bean_template.vlt [line 10, column 1]
Tue Jun 18 17:10:49 CEST 2013   [info] RHS of #set statement is null. Context will not be modified. config/templates/bean_template.vlt [line 33, column 1]
Tue Jun 18 17:10:49 CEST 2013   [info] RHS of #set statement is null. Context will not be modified. config/templates/bean_template.vlt [line 33, column 1]
Tue Jun 18 17:10:49 CEST 2013   [info] RHS of #set statement is null. Context will not be modified. config/templates/bean_template.vlt [line 33, column 1]
Tue Jun 18 17:10:49 CEST 2013   [info] RHS of #set statement is null. Context will not be modified. config/templates/bean_template.vlt [line 33, column 1]
Tue Jun 18 17:10:49 CEST 2013   [info] RHS of #set statement is null. Context will not be modified. config/templates/bean_template.vlt [line 33, column 1]
Tue Jun 18 17:10:49 CEST 2013   [info] RHS of #set statement is null. Context will not be modified. config/templates/bean_template.vlt [line 33, column 1]
Tue Jun 18 17:10:49 CEST 2013   [info] RHS of #set statement is null. Context will not be modified. config/templates/bean_template.vlt [line 33, column 1]
Tue Jun 18 17:10:49 CEST 2013   [info] RHS of #set statement is null. Context will not be modified. config/templates/bean_template.vlt [line 33, column 1]
Tue Jun 18 17:10:49 CEST 2013   [info] RHS of #set statement is null. Context will not be modified. config/templates/bean_template.vlt [line 33, column 1]
Tue Jun 18 17:10:49 CEST 2013   [info] RHS of #set statement is null. Context will not be modified. config/templates/bean_template.vlt [line 33, column 1]
Tue Jun 18 17:10:49 CEST 2013   [info] RHS of #set statement is null. Context will not be modified. config/templates/bean_template.vlt [line 56, column 1]
Tue Jun 18 17:10:49 CEST 2013   [info] RHS of #set statement is null. Context will not be modified. config/templates/bean_template.vlt [line 56, column 1]
Tue Jun 18 17:10:49 CEST 2013   [info] RHS of #set statement is null. Context will not be modified. config/templates/bean_template.vlt [line 56, column 1]
Tue Jun 18 17:10:49 CEST 2013   [info] RHS of #set statement is null. Context will not be modified. config/templates/bean_template.vlt [line 56, column 1]
Tue Jun 18 17:10:49 CEST 2013   [info] RHS of #set statement is null. Context will not be modified. config/templates/bean_template.vlt [line 56, column 1]
Tue Jun 18 17:10:49 CEST 2013   [info] RHS of #set statement is null. Context will not be modified. config/templates/bean_template.vlt [line 56, column 1]
Tue Jun 18 17:10:49 CEST 2013   [info] RHS of #set statement is null. Context will not be modified. config/templates/bean_template.vlt [line 56, column 1]
Tue Jun 18 17:10:49 CEST 2013   [info] RHS of #set statement is null. Context will not be modified. config/templates/bean_template.vlt [line 56, column 1]
Tue Jun 18 17:10:49 CEST 2013   [info] RHS of #set statement is null. Context will not be modified. config/templates/bean_template.vlt [line 56, column 1]
Tue Jun 18 17:10:49 CEST 2013   [info] RHS of #set statement is null. Context will not be modified. config/templates/bean_template.vlt [line 56, column 1]
Tue Jun 18 17:10:49 CEST 2013  [debug] ResourceManager : found config/templates/bean_template.vlt with loader org.apache.velocity.runtime.resource.loader.FileResourceLoader
Tue Jun 18 17:10:49 CEST 2013   [info] RHS of #set statement is null. Context will not be modified. config/templates/bean_template.vlt [line 10, column 1]
Tue Jun 18 17:10:49 CEST 2013   [info] RHS of #set statement is null. Context will not be modified. config/templates/bean_template.vlt [line 10, column 1]
Tue Jun 18 17:10:49 CEST 2013   [info] RHS of #set statement is null. Context will not be modified. config/templates/bean_template.vlt [line 10, column 1]
Tue Jun 18 17:10:49 CEST 2013   [info] RHS of #set statement is null. Context will not be modified. config/templates/bean_template.vlt [line 10, column 1]
Tue Jun 18 17:10:49 CEST 2013   [info] RHS of #set statement is null. Context will not be modified. config/templates/bean_template.vlt [line 10, column 1]
Tue Jun 18 17:10:49 CEST 2013   [info] RHS of #set statement is null. Context will not be modified. config/templates/bean_template.vlt [line 10, column 1]
Tue Jun 18 17:10:49 CEST 2013   [info] RHS of #set statement is null. Context will not be modified. config/templates/bean_template.vlt [line 10, column 1]
Tue Jun 18 17:10:49 CEST 2013   [info] RHS of #set statement is null. Context will not be modified. config/templates/bean_template.vlt [line 10, column 1]
Tue Jun 18 17:10:49 CEST 2013   [info] RHS of #set statement is null. Context will not be modified. config/templates/bean_template.vlt [line 10, column 1]
Tue Jun 18 17:10:49 CEST 2013   [info] RHS of #set statement is null. Context will not be modified. config/templates/bean_template.vlt [line 33, column 1]
Tue Jun 18 17:10:49 CEST 2013   [info] RHS of #set statement is null. Context will not be modified. config/templates/bean_template.vlt [line 33, column 1]
Tue Jun 18 17:10:49 CEST 2013   [info] RHS of #set statement is null. Context will not be modified. config/templates/bean_template.vlt [line 33, column 1]
Tue Jun 18 17:10:49 CEST 2013   [info] RHS of #set statement is null. Context will not be modified. config/templates/bean_template.vlt [line 33, column 1]
Tue Jun 18 17:10:49 CEST 2013   [info] RHS of #set statement is null. Context will not be modified. config/templates/bean_template.vlt [line 33, column 1]
Tue Jun 18 17:10:49 CEST 2013   [info] RHS of #set statement is null. Context will not be modified. config/templates/bean_template.vlt [line 33, column 1]
Tue Jun 18 17:10:49 CEST 2013   [info] RHS of #set statement is null. Context will not be modified. config/templates/bean_template.vlt [line 33, column 1]
Tue Jun 18 17:10:49 CEST 2013   [info] RHS of #set statement is null. Context will not be modified. config/templates/bean_template.vlt [line 33, column 1]
Tue Jun 18 17:10:49 CEST 2013   [info] RHS of #set statement is null. Context will not be modified. config/templates/bean_template.vlt [line 33, column 1]
Tue Jun 18 17:10:49 CEST 2013   [info] RHS of #set statement is null. Context will not be modified. config/templates/bean_template.vlt [line 33, column 1]
Tue Jun 18 17:10:49 CEST 2013   [info] RHS of #set statement is null. Context will not be modified. config/templates/bean_template.vlt [line 56, column 1]
Tue Jun 18 17:10:49 CEST 2013   [info] RHS of #set statement is null. Context will not be modified. config/templates/bean_template.vlt [line 56, column 1]
Tue Jun 18 17:10:49 CEST 2013   [info] RHS of #set statement is null. Context will not be modified. config/templates/bean_template.vlt [line 56, column 1]
Tue Jun 18 17:10:49 CEST 2013   [info] RHS of #set statement is null. Context will not be modified. config/templates/bean_template.vlt [line 56, column 1]
Tue Jun 18 17:10:49 CEST 2013   [info] RHS of #set statement is null. Context will not be modified. config/templates/bean_template.vlt [line 56, column 1]
Tue Jun 18 17:10:49 CEST 2013   [info] RHS of #set statement is null. Context will not be modified. config/templates/bean_template.vlt [line 56, column 1]
Tue Jun 18 17:10:49 CEST 2013   [info] RHS of #set statement is null. Context will not be modified. config/templates/bean_template.vlt [line 56, column 1]
Tue Jun 18 17:10:49 CEST 2013   [info] RHS of #set statement is null. Context will not be modified. config/templates/bean_template.vlt [line 56, column 1]
Tue Jun 18 17:10:49 CEST 2013   [info] RHS of #set statement is null. Context will not be modified. config/templates/bean_template.vlt [line 56, column 1]
Tue Jun 18 17:10:49 CEST 2013   [info] RHS of #set statement is null. Context will not be modified. config/templates/bean_template.vlt [line 56, column 1]
Tue Jun 18 17:10:49 CEST 2013  [debug] ResourceManager : found config/templates/attributEnum.vlt with loader org.apache.velocity.runtime.resource.loader.FileResourceLoader
Tue Jun 18 17:10:49 CEST 2013  [debug] ResourceManager : found config/templates/attributEnum.vlt with loader org.apache.velocity.runtime.resource.loader.FileResourceLoader
Tue Jun 18 17:10:49 CEST 2013  [debug] ResourceManager : found config/templates/bean_template.vlt with loader org.apache.velocity.runtime.resource.loader.FileResourceLoader
Tue Jun 18 17:10:49 CEST 2013   [info] RHS of #set statement is null. Context will not be modified. config/templates/bean_template.vlt [line 10, column 1]
Tue Jun 18 17:10:49 CEST 2013   [info] RHS of #set statement is null. Context will not be modified. config/templates/bean_template.vlt [line 10, column 1]
Tue Jun 18 17:10:49 CEST 2013   [info] RHS of #set statement is null. Context will not be modified. config/templates/bean_template.vlt [line 10, column 1]
Tue Jun 18 17:10:49 CEST 2013   [info] RHS of #set statement is null. Context will not be modified. config/templates/bean_template.vlt [line 10, column 1]
Tue Jun 18 17:10:49 CEST 2013   [info] RHS of #set statement is null. Context will not be modified. config/templates/bean_template.vlt [line 10, column 1]
Tue Jun 18 17:10:49 CEST 2013   [info] RHS of #set statement is null. Context will not be modified. config/templates/bean_template.vlt [line 10, column 1]
Tue Jun 18 17:10:49 CEST 2013   [info] RHS of #set statement is null. Context will not be modified. config/templates/bean_template.vlt [line 10, column 1]
Tue Jun 18 17:10:49 CEST 2013   [info] RHS of #set statement is null. Context will not be modified. config/templates/bean_template.vlt [line 10, column 1]
Tue Jun 18 17:10:49 CEST 2013   [info] RHS of #set statement is null. Context will not be modified. config/templates/bean_template.vlt [line 10, column 1]
Tue Jun 18 17:10:49 CEST 2013   [info] RHS of #set statement is null. Context will not be modified. config/templates/bean_template.vlt [line 10, column 1]
Tue Jun 18 17:10:49 CEST 2013   [info] RHS of #set statement is null. Context will not be modified. config/templates/bean_template.vlt [line 10, column 1]
Tue Jun 18 17:10:49 CEST 2013   [info] RHS of #set statement is null. Context will not be modified. config/templates/bean_template.vlt [line 33, column 1]
Tue Jun 18 17:10:49 CEST 2013   [info] RHS of #set statement is null. Context will not be modified. config/templates/bean_template.vlt [line 33, column 1]
Tue Jun 18 17:10:49 CEST 2013   [info] RHS of #set statement is null. Context will not be modified. config/templates/bean_template.vlt [line 33, column 1]
Tue Jun 18 17:10:49 CEST 2013   [info] RHS of #set statement is null. Context will not be modified. config/templates/bean_template.vlt [line 33, column 1]
Tue Jun 18 17:10:49 CEST 2013   [info] RHS of #set statement is null. Context will not be modified. config/templates/bean_template.vlt [line 33, column 1]
Tue Jun 18 17:10:49 CEST 2013   [info] RHS of #set statement is null. Context will not be modified. config/templates/bean_template.vlt [line 33, column 1]
Tue Jun 18 17:10:49 CEST 2013   [info] RHS of #set statement is null. Context will not be modified. config/templates/bean_template.vlt [line 33, column 1]
Tue Jun 18 17:10:49 CEST 2013   [info] RHS of #set statement is null. Context will not be modified. config/templates/bean_template.vlt [line 33, column 1]
Tue Jun 18 17:10:49 CEST 2013   [info] RHS of #set statement is null. Context will not be modified. config/templates/bean_template.vlt [line 33, column 1]
Tue Jun 18 17:10:49 CEST 2013   [info] RHS of #set statement is null. Context will not be modified. config/templates/bean_template.vlt [line 33, column 1]
Tue Jun 18 17:10:49 CEST 2013   [info] RHS of #set statement is null. Context will not be modified. config/templates/bean_template.vlt [line 33, column 1]
Tue Jun 18 17:10:49 CEST 2013   [info] RHS of #set statement is null. Context will not be modified. config/templates/bean_template.vlt [line 56, column 1]
Tue Jun 18 17:10:49 CEST 2013   [info] RHS of #set statement is null. Context will not be modified. config/templates/bean_template.vlt [line 56, column 1]
Tue Jun 18 17:10:49 CEST 2013   [info] RHS of #set statement is null. Context will not be modified. config/templates/bean_template.vlt [line 56, column 1]
Tue Jun 18 17:10:49 CEST 2013   [info] RHS of #set statement is null. Context will not be modified. config/templates/bean_template.vlt [line 56, column 1]
Tue Jun 18 17:10:49 CEST 2013   [info] RHS of #set statement is null. Context will not be modified. config/templates/bean_template.vlt [line 56, column 1]
Tue Jun 18 17:10:49 CEST 2013   [info] RHS of #set statement is null. Context will not be modified. config/templates/bean_template.vlt [line 56, column 1]
Tue Jun 18 17:10:49 CEST 2013   [info] RHS of #set statement is null. Context will not be modified. config/templates/bean_template.vlt [line 56, column 1]
Tue Jun 18 17:10:49 CEST 2013   [info] RHS of #set statement is null. Context will not be modified. config/templates/bean_template.vlt [line 56, column 1]
Tue Jun 18 17:10:49 CEST 2013   [info] RHS of #set statement is null. Context will not be modified. config/templates/bean_template.vlt [line 56, column 1]
Tue Jun 18 17:10:49 CEST 2013   [info] RHS of #set statement is null. Context will not be modified. config/templates/bean_template.vlt [line 56, column 1]
Tue Jun 18 17:10:49 CEST 2013   [info] RHS of #set statement is null. Context will not be modified. config/templates/bean_template.vlt [line 56, column 1]
Tue Jun 18 17:10:49 CEST 2013  [debug] ResourceManager : found config/templates/bean_template.vlt with loader org.apache.velocity.runtime.resource.loader.FileResourceLoader
Tue Jun 18 17:10:49 CEST 2013   [info] RHS of #set statement is null. Context will not be modified. config/templates/bean_template.vlt [line 10, column 1]
Tue Jun 18 17:10:49 CEST 2013   [info] RHS of #set statement is null. Context will not be modified. config/templates/bean_template.vlt [line 10, column 1]
Tue Jun 18 17:10:49 CEST 2013   [info] RHS of #set statement is null. Context will not be modified. config/templates/bean_template.vlt [line 10, column 1]
Tue Jun 18 17:10:49 CEST 2013   [info] RHS of #set statement is null. Context will not be modified. config/templates/bean_template.vlt [line 10, column 1]
Tue Jun 18 17:10:49 CEST 2013   [info] RHS of #set statement is null. Context will not be modified. config/templates/bean_template.vlt [line 10, column 1]
Tue Jun 18 17:10:49 CEST 2013   [info] RHS of #set statement is null. Context will not be modified. config/templates/bean_template.vlt [line 10, column 1]
Tue Jun 18 17:10:49 CEST 2013   [info] RHS of #set statement is null. Context will not be modified. config/templates/bean_template.vlt [line 10, column 1]
Tue Jun 18 17:10:49 CEST 2013   [info] RHS of #set statement is null. Context will not be modified. config/templates/bean_template.vlt [line 10, column 1]
Tue Jun 18 17:10:49 CEST 2013   [info] RHS of #set statement is null. Context will not be modified. config/templates/bean_template.vlt [line 10, column 1]
Tue Jun 18 17:10:49 CEST 2013   [info] RHS of #set statement is null. Context will not be modified. config/templates/bean_template.vlt [line 10, column 1]
Tue Jun 18 17:10:49 CEST 2013   [info] RHS of #set statement is null. Context will not be modified. config/templates/bean_template.vlt [line 10, column 1]
Tue Jun 18 17:10:49 CEST 2013   [info] RHS of #set statement is null. Context will not be modified. config/templates/bean_template.vlt [line 33, column 1]
Tue Jun 18 17:10:49 CEST 2013   [info] RHS of #set statement is null. Context will not be modified. config/templates/bean_template.vlt [line 33, column 1]
Tue Jun 18 17:10:49 CEST 2013   [info] RHS of #set statement is null. Context will not be modified. config/templates/bean_template.vlt [line 33, column 1]
Tue Jun 18 17:10:49 CEST 2013   [info] RHS of #set statement is null. Context will not be modified. config/templates/bean_template.vlt [line 33, column 1]
Tue Jun 18 17:10:49 CEST 2013   [info] RHS of #set statement is null. Context will not be modified. config/templates/bean_template.vlt [line 33, column 1]
Tue Jun 18 17:10:49 CEST 2013   [info] RHS of #set statement is null. Context will not be modified. config/templates/bean_template.vlt [line 33, column 1]
Tue Jun 18 17:10:49 CEST 2013   [info] RHS of #set statement is null. Context will not be modified. config/templates/bean_template.vlt [line 33, column 1]
Tue Jun 18 17:10:49 CEST 2013   [info] RHS of #set statement is null. Context will not be modified. config/templates/bean_template.vlt [line 33, column 1]
Tue Jun 18 17:10:49 CEST 2013   [info] RHS of #set statement is null. Context will not be modified. config/templates/bean_template.vlt [line 33, column 1]
Tue Jun 18 17:10:49 CEST 2013   [info] RHS of #set statement is null. Context will not be modified. config/templates/bean_template.vlt [line 33, column 1]
Tue Jun 18 17:10:49 CEST 2013   [info] RHS of #set statement is null. Context will not be modified. config/templates/bean_template.vlt [line 33, column 1]
Tue Jun 18 17:10:49 CEST 2013   [info] RHS of #set statement is null. Context will not be modified. config/templates/bean_template.vlt [line 56, column 1]
Tue Jun 18 17:10:49 CEST 2013   [info] RHS of #set statement is null. Context will not be modified. config/templates/bean_template.vlt [line 56, column 1]
Tue Jun 18 17:10:49 CEST 2013   [info] RHS of #set statement is null. Context will not be modified. config/templates/bean_template.vlt [line 56, column 1]
Tue Jun 18 17:10:49 CEST 2013   [info] RHS of #set statement is null. Context will not be modified. config/templates/bean_template.vlt [line 56, column 1]
Tue Jun 18 17:10:49 CEST 2013   [info] RHS of #set statement is null. Context will not be modified. config/templates/bean_template.vlt [line 56, column 1]
Tue Jun 18 17:10:49 CEST 2013   [info] RHS of #set statement is null. Context will not be modified. config/templates/bean_template.vlt [line 56, column 1]
Tue Jun 18 17:10:49 CEST 2013   [info] RHS of #set statement is null. Context will not be modified. config/templates/bean_template.vlt [line 56, column 1]
Tue Jun 18 17:10:49 CEST 2013   [info] RHS of #set statement is null. Context will not be modified. config/templates/bean_template.vlt [line 56, column 1]
Tue Jun 18 17:10:49 CEST 2013   [info] RHS of #set statement is null. Context will not be modified. config/templates/bean_template.vlt [line 56, column 1]
Tue Jun 18 17:10:49 CEST 2013   [info] RHS of #set statement is null. Context will not be modified. config/templates/bean_template.vlt [line 56, column 1]
Tue Jun 18 17:10:49 CEST 2013   [info] RHS of #set statement is null. Context will not be modified. config/templates/bean_template.vlt [line 56, column 1]
Tue Jun 18 17:10:49 CEST 2013  [debug] ResourceManager : found config/templates/attributEnum.vlt with loader org.apache.velocity.runtime.resource.loader.FileResourceLoader
Tue Jun 18 17:10:49 CEST 2013  [debug] ResourceManager : found config/templates/attributEnum.vlt with loader org.apache.velocity.runtime.resource.loader.FileResourceLoader
Tue Jun 18 17:10:49 CEST 2013  [debug] ResourceManager : found config/templates/bean_template.vlt with loader org.apache.velocity.runtime.resource.loader.FileResourceLoader
Tue Jun 18 17:10:49 CEST 2013   [info] RHS of #set statement is null. Context will not be modified. config/templates/bean_template.vlt [line 10, column 1]
Tue Jun 18 17:10:49 CEST 2013   [info] RHS of #set statement is null. Context will not be modified. config/templates/bean_template.vlt [line 10, column 1]
Tue Jun 18 17:10:49 CEST 2013   [info] RHS of #set statement is null. Context will not be modified. config/templates/bean_template.vlt [line 10, column 1]
Tue Jun 18 17:10:49 CEST 2013   [info] RHS of #set statement is null. Context will not be modified. config/templates/bean_template.vlt [line 10, column 1]
Tue Jun 18 17:10:49 CEST 2013   [info] RHS of #set statement is null. Context will not be modified. config/templates/bean_template.vlt [line 10, column 1]
Tue Jun 18 17:10:49 CEST 2013   [info] RHS of #set statement is null. Context will not be modified. config/templates/bean_template.vlt [line 10, column 1]
Tue Jun 18 17:10:49 CEST 2013   [info] RHS of #set statement is null. Context will not be modified. config/templates/bean_template.vlt [line 10, column 1]
Tue Jun 18 17:10:49 CEST 2013   [info] RHS of #set statement is null. Context will not be modified. config/templates/bean_template.vlt [line 10, column 1]
Tue Jun 18 17:10:49 CEST 2013   [info] RHS of #set statement is null. Context will not be modified. config/templates/bean_template.vlt [line 33, column 1]
Tue Jun 18 17:10:49 CEST 2013   [info] RHS of #set statement is null. Context will not be modified. config/templates/bean_template.vlt [line 33, column 1]
Tue Jun 18 17:10:49 CEST 2013   [info] RHS of #set statement is null. Context will not be modified. config/templates/bean_template.vlt [line 33, column 1]
Tue Jun 18 17:10:49 CEST 2013   [info] RHS of #set statement is null. Context will not be modified. config/templates/bean_template.vlt [line 33, column 1]
Tue Jun 18 17:10:49 CEST 2013   [info] RHS of #set statement is null. Context will not be modified. config/templates/bean_template.vlt [line 33, column 1]
Tue Jun 18 17:10:49 CEST 2013   [info] RHS of #set statement is null. Context will not be modified. config/templates/bean_template.vlt [line 33, column 1]
Tue Jun 18 17:10:49 CEST 2013   [info] RHS of #set statement is null. Context will not be modified. config/templates/bean_template.vlt [line 33, column 1]
Tue Jun 18 17:10:49 CEST 2013   [info] RHS of #set statement is null. Context will not be modified. config/templates/bean_template.vlt [line 33, column 1]
Tue Jun 18 17:10:49 CEST 2013   [info] RHS of #set statement is null. Context will not be modified. config/templates/bean_template.vlt [line 33, column 1]
Tue Jun 18 17:10:49 CEST 2013   [info] RHS of #set statement is null. Context will not be modified. config/templates/bean_template.vlt [line 33, column 1]
Tue Jun 18 17:10:49 CEST 2013   [info] RHS of #set statement is null. Context will not be modified. config/templates/bean_template.vlt [line 56, column 1]
Tue Jun 18 17:10:49 CEST 2013   [info] RHS of #set statement is null. Context will not be modified. config/templates/bean_template.vlt [line 56, column 1]
Tue Jun 18 17:10:49 CEST 2013   [info] RHS of #set statement is null. Context will not be modified. config/templates/bean_template.vlt [line 56, column 1]
Tue Jun 18 17:10:49 CEST 2013   [info] RHS of #set statement is null. Context will not be modified. config/templates/bean_template.vlt [line 56, column 1]
Tue Jun 18 17:10:49 CEST 2013   [info] RHS of #set statement is null. Context will not be modified. config/templates/bean_template.vlt [line 56, column 1]
Tue Jun 18 17:10:49 CEST 2013   [info] RHS of #set statement is null. Context will not be modified. config/templates/bean_template.vlt [line 56, column 1]
Tue Jun 18 17:10:49 CEST 2013   [info] RHS of #set statement is null. Context will not be modified. config/templates/bean_template.vlt [line 56, column 1]
Tue Jun 18 17:10:49 CEST 2013   [info] RHS of #set statement is null. Context will not be modified. config/templates/bean_template.vlt [line 56, column 1]
Tue Jun 18 17:10:49 CEST 2013   [info] RHS of #set statement is null. Context will not be modified. config/templates/bean_template.vlt [line 56, column 1]
Tue Jun 18 17:10:49 CEST 2013   [info] RHS of #set statement is null. Context will not be modified. config/templates/bean_template.vlt [line 56, column 1]
Tue Jun 18 17:10:49 CEST 2013  [debug] ResourceManager : found config/templates/bean_template.vlt with loader org.apache.velocity.runtime.resource.loader.FileResourceLoader
Tue Jun 18 17:10:49 CEST 2013   [info] RHS of #set statement is null. Context will not be modified. config/templates/bean_template.vlt [line 10, column 1]
Tue Jun 18 17:10:49 CEST 2013   [info] RHS of #set statement is null. Context will not be modified. config/templates/bean_template.vlt [line 10, column 1]
Tue Jun 18 17:10:49 CEST 2013   [info] RHS of #set statement is null. Context will not be modified. config/templates/bean_template.vlt [line 10, column 1]
Tue Jun 18 17:10:49 CEST 2013   [info] RHS of #set statement is null. Context will not be modified. config/templates/bean_template.vlt [line 10, column 1]
Tue Jun 18 17:10:49 CEST 2013   [info] RHS of #set statement is null. Context will not be modified. config/templates/bean_template.vlt [line 10, column 1]
Tue Jun 18 17:10:49 CEST 2013   [info] RHS of #set statement is null. Context will not be modified. config/templates/bean_template.vlt [line 10, column 1]
Tue Jun 18 17:10:49 CEST 2013   [info] RHS of #set statement is null. Context will not be modified. config/templates/bean_template.vlt [line 10, column 1]
Tue Jun 18 17:10:49 CEST 2013   [info] RHS of #set statement is null. Context will not be modified. config/templates/bean_template.vlt [line 10, column 1]
Tue Jun 18 17:10:49 CEST 2013   [info] RHS of #set statement is null. Context will not be modified. config/templates/bean_template.vlt [line 33, column 1]
Tue Jun 18 17:10:49 CEST 2013   [info] RHS of #set statement is null. Context will not be modified. config/templates/bean_template.vlt [line 33, column 1]
Tue Jun 18 17:10:49 CEST 2013   [info] RHS of #set statement is null. Context will not be modified. config/templates/bean_template.vlt [line 33, column 1]
Tue Jun 18 17:10:49 CEST 2013   [info] RHS of #set statement is null. Context will not be modified. config/templates/bean_template.vlt [line 33, column 1]
Tue Jun 18 17:10:49 CEST 2013   [info] RHS of #set statement is null. Context will not be modified. config/templates/bean_template.vlt [line 33, column 1]
Tue Jun 18 17:10:49 CEST 2013   [info] RHS of #set statement is null. Context will not be modified. config/templates/bean_template.vlt [line 33, column 1]
Tue Jun 18 17:10:49 CEST 2013   [info] RHS of #set statement is null. Context will not be modified. config/templates/bean_template.vlt [line 33, column 1]
Tue Jun 18 17:10:49 CEST 2013   [info] RHS of #set statement is null. Context will not be modified. config/templates/bean_template.vlt [line 33, column 1]
Tue Jun 18 17:10:49 CEST 2013   [info] RHS of #set statement is null. Context will not be modified. config/templates/bean_template.vlt [line 33, column 1]
Tue Jun 18 17:10:49 CEST 2013   [info] RHS of #set statement is null. Context will not be modified. config/templates/bean_template.vlt [line 33, column 1]
Tue Jun 18 17:10:49 CEST 2013   [info] RHS of #set statement is null. Context will not be modified. config/templates/bean_template.vlt [line 56, column 1]
Tue Jun 18 17:10:49 CEST 2013   [info] RHS of #set statement is null. Context will not be modified. config/templates/bean_template.vlt [line 56, column 1]
Tue Jun 18 17:10:49 CEST 2013   [info] RHS of #set statement is null. Context will not be modified. config/templates/bean_template.vlt [line 56, column 1]
Tue Jun 18 17:10:49 CEST 2013   [info] RHS of #set statement is null. Context will not be modified. config/templates/bean_template.vlt [line 56, column 1]
Tue Jun 18 17:10:49 CEST 2013   [info] RHS of #set statement is null. Context will not be modified. config/templates/bean_template.vlt [line 56, column 1]
Tue Jun 18 17:10:49 CEST 2013   [info] RHS of #set statement is null. Context will not be modified. config/templates/bean_template.vlt [line 56, column 1]
Tue Jun 18 17:10:49 CEST 2013   [info] RHS of #set statement is null. Context will not be modified. config/templates/bean_template.vlt [line 56, column 1]
Tue Jun 18 17:10:49 CEST 2013   [info] RHS of #set statement is null. Context will not be modified. config/templates/bean_template.vlt [line 56, column 1]
Tue Jun 18 17:10:49 CEST 2013   [info] RHS of #set statement is null. Context will not be modified. config/templates/bean_template.vlt [line 56, column 1]
Tue Jun 18 17:10:49 CEST 2013   [info] RHS of #set statement is null. Context will not be modified. config/templates/bean_template.vlt [line 56, column 1]
Tue Jun 18 17:10:49 CEST 2013  [debug] ResourceManager : found config/templates/attributEnum.vlt with loader org.apache.velocity.runtime.resource.loader.FileResourceLoader
Tue Jun 18 17:10:49 CEST 2013  [debug] ResourceManager : found config/templates/attributEnum.vlt with loader org.apache.velocity.runtime.resource.loader.FileResourceLoader
Tue Jun 18 17:10:49 CEST 2013  [debug] ResourceManager : found config/templates/bean_template.vlt with loader org.apache.velocity.runtime.resource.loader.FileResourceLoader
Tue Jun 18 17:10:49 CEST 2013   [info] RHS of #set statement is null. Context will not be modified. config/templates/bean_template.vlt [line 10, column 1]
Tue Jun 18 17:10:49 CEST 2013   [info] RHS of #set statement is null. Context will not be modified. config/templates/bean_template.vlt [line 10, column 1]
Tue Jun 18 17:10:49 CEST 2013   [info] RHS of #set statement is null. Context will not be modified. config/templates/bean_template.vlt [line 10, column 1]
Tue Jun 18 17:10:49 CEST 2013   [info] RHS of #set statement is null. Context will not be modified. config/templates/bean_template.vlt [line 10, column 1]
Tue Jun 18 17:10:49 CEST 2013   [info] RHS of #set statement is null. Context will not be modified. config/templates/bean_template.vlt [line 10, column 1]
Tue Jun 18 17:10:49 CEST 2013   [info] RHS of #set statement is null. Context will not be modified. config/templates/bean_template.vlt [line 10, column 1]
Tue Jun 18 17:10:49 CEST 2013   [info] RHS of #set statement is null. Context will not be modified. config/templates/bean_template.vlt [line 33, column 1]
Tue Jun 18 17:10:49 CEST 2013   [info] RHS of #set statement is null. Context will not be modified. config/templates/bean_template.vlt [line 33, column 1]
Tue Jun 18 17:10:49 CEST 2013   [info] RHS of #set statement is null. Context will not be modified. config/templates/bean_template.vlt [line 33, column 1]
Tue Jun 18 17:10:49 CEST 2013   [info] RHS of #set statement is null. Context will not be modified. config/templates/bean_template.vlt [line 33, column 1]
Tue Jun 18 17:10:49 CEST 2013   [info] RHS of #set statement is null. Context will not be modified. config/templates/bean_template.vlt [line 33, column 1]
Tue Jun 18 17:10:49 CEST 2013   [info] RHS of #set statement is null. Context will not be modified. config/templates/bean_template.vlt [line 33, column 1]
Tue Jun 18 17:10:49 CEST 2013   [info] RHS of #set statement is null. Context will not be modified. config/templates/bean_template.vlt [line 33, column 1]
Tue Jun 18 17:10:49 CEST 2013   [info] RHS of #set statement is null. Context will not be modified. config/templates/bean_template.vlt [line 56, column 1]
Tue Jun 18 17:10:49 CEST 2013   [info] RHS of #set statement is null. Context will not be modified. config/templates/bean_template.vlt [line 56, column 1]
Tue Jun 18 17:10:49 CEST 2013   [info] RHS of #set statement is null. Context will not be modified. config/templates/bean_template.vlt [line 56, column 1]
Tue Jun 18 17:10:49 CEST 2013   [info] RHS of #set statement is null. Context will not be modified. config/templates/bean_template.vlt [line 56, column 1]
Tue Jun 18 17:10:49 CEST 2013   [info] RHS of #set statement is null. Context will not be modified. config/templates/bean_template.vlt [line 56, column 1]
Tue Jun 18 17:10:49 CEST 2013   [info] RHS of #set statement is null. Context will not be modified. config/templates/bean_template.vlt [line 56, column 1]
Tue Jun 18 17:10:49 CEST 2013   [info] RHS of #set statement is null. Context will not be modified. config/templates/bean_template.vlt [line 56, column 1]
Tue Jun 18 17:10:49 CEST 2013  [debug] ResourceManager : found config/templates/bean_template.vlt with loader org.apache.velocity.runtime.resource.loader.FileResourceLoader
Tue Jun 18 17:10:49 CEST 2013   [info] RHS of #set statement is null. Context will not be modified. config/templates/bean_template.vlt [line 10, column 1]
Tue Jun 18 17:10:49 CEST 2013   [info] RHS of #set statement is null. Context will not be modified. config/templates/bean_template.vlt [line 10, column 1]
Tue Jun 18 17:10:49 CEST 2013   [info] RHS of #set statement is null. Context will not be modified. config/templates/bean_template.vlt [line 10, column 1]
Tue Jun 18 17:10:49 CEST 2013   [info] RHS of #set statement is null. Context will not be modified. config/templates/bean_template.vlt [line 10, column 1]
Tue Jun 18 17:10:49 CEST 2013   [info] RHS of #set statement is null. Context will not be modified. config/templates/bean_template.vlt [line 10, column 1]
Tue Jun 18 17:10:49 CEST 2013   [info] RHS of #set statement is null. Context will not be modified. config/templates/bean_template.vlt [line 10, column 1]
Tue Jun 18 17:10:49 CEST 2013   [info] RHS of #set statement is null. Context will not be modified. config/templates/bean_template.vlt [line 33, column 1]
Tue Jun 18 17:10:49 CEST 2013   [info] RHS of #set statement is null. Context will not be modified. config/templates/bean_template.vlt [line 33, column 1]
Tue Jun 18 17:10:49 CEST 2013   [info] RHS of #set statement is null. Context will not be modified. config/templates/bean_template.vlt [line 33, column 1]
Tue Jun 18 17:10:49 CEST 2013   [info] RHS of #set statement is null. Context will not be modified. config/templates/bean_template.vlt [line 33, column 1]
Tue Jun 18 17:10:49 CEST 2013   [info] RHS of #set statement is null. Context will not be modified. config/templates/bean_template.vlt [line 33, column 1]
Tue Jun 18 17:10:49 CEST 2013   [info] RHS of #set statement is null. Context will not be modified. config/templates/bean_template.vlt [line 33, column 1]
Tue Jun 18 17:10:49 CEST 2013   [info] RHS of #set statement is null. Context will not be modified. config/templates/bean_template.vlt [line 33, column 1]
Tue Jun 18 17:10:49 CEST 2013   [info] RHS of #set statement is null. Context will not be modified. config/templates/bean_template.vlt [line 56, column 1]
Tue Jun 18 17:10:49 CEST 2013   [info] RHS of #set statement is null. Context will not be modified. config/templates/bean_template.vlt [line 56, column 1]
Tue Jun 18 17:10:49 CEST 2013   [info] RHS of #set statement is null. Context will not be modified. config/templates/bean_template.vlt [line 56, column 1]
Tue Jun 18 17:10:49 CEST 2013   [info] RHS of #set statement is null. Context will not be modified. config/templates/bean_template.vlt [line 56, column 1]
Tue Jun 18 17:10:49 CEST 2013   [info] RHS of #set statement is null. Context will not be modified. config/templates/bean_template.vlt [line 56, column 1]
Tue Jun 18 17:10:49 CEST 2013   [info] RHS of #set statement is null. Context will not be modified. config/templates/bean_template.vlt [line 56, column 1]
Tue Jun 18 17:10:49 CEST 2013   [info] RHS of #set statement is null. Context will not be modified. config/templates/bean_template.vlt [line 56, column 1]
Tue Jun 18 17:10:49 CEST 2013  [debug] ResourceManager : found config/templates/attributEnum.vlt with loader org.apache.velocity.runtime.resource.loader.FileResourceLoader
Tue Jun 18 17:10:49 CEST 2013  [debug] ResourceManager : found config/templates/attributEnum.vlt with loader org.apache.velocity.runtime.resource.loader.FileResourceLoader
